#
# A fatal error has been detected by the Java Runtime Environment:
#
#  SIGSEGV (0xb) at pc=0x00007fee55365ce7, pid=2641, tid=140661295752960
#
# JRE version: Java(TM) SE Runtime Environment (7.0_72-b14) (build 1.7.0_72-b14)
# Java VM: Java HotSpot(TM) 64-Bit Server VM (24.72-b04 mixed mode linux-amd64 compressed oops)
# Problematic frame:
# C  [libc.so.6+0x148ce7]  __nss_hosts_lookup+0x10f27
#
# Failed to write core dump. Core dumps have been disabled. To enable core dumping, try "ulimit -c unlimited" before starting Java again
#
# If you would like to submit a bug report, please visit:
#   http://bugreport.sun.com/bugreport/crash.jsp
# The crash happened outside the Java Virtual Machine in native code.
# See problematic frame for where to report the bug.
#

---------------  T H R E A D  ---------------

Current thread (0x00007fee50c8b000):  JavaThread "Timer-1" daemon [_thread_in_native, id=2671, stack(0x00007fee42812000,0x00007fee42913000)]

siginfo:si_signo=SIGSEGV: si_errno=0, si_code=2 (SEGV_ACCERR), si_addr=0x00007fee42d05000

Registers:
RAX=0x00007fee0c7475c0, RBX=0x0000000000007f09, RCX=0x0000000000040000, RDX=0x0000000000007169
RSP=0x00007fee42910108, RBP=0x00007fee42910160, RSI=0x00007fee42d04fe0, RDI=0x00007fee0c7482e0
R8 =0x00007fee0c7475c0, R9 =0x0000000000000000, R10=0x00007fee0c000078, R11=0x00007fee553a49b0
R12=0x00007fee42d04292, R13=0x00007fee0c7911f0, R14=0x000000000000ceaf, R15=0x00007fee507ec760
RIP=0x00007fee55365ce7, EFLAGS=0x0000000000010206, CSGSFS=0x0000000000000033, ERR=0x0000000000000004
  TRAPNO=0x000000000000000e

Top of Stack: (sp=0x00007fee42910108)
0x00007fee42910108:   00007fee4e31ab07 00000000c3400c90
0x00007fee42910118:   55efafee00000000 0000000000007f09
0x00007fee42910128:   0000000051790b1e 00007fee0c7911f0
0x00007fee42910138:   00007fee507ec940 00007fee507ec760
0x00007fee42910148:   00007fee0c9efa80 0000000045e019a6
0x00007fee42910158:   00007fee429101c0 00007fee429101a0
0x00007fee42910168:   00007fee4e31b0b0 00000034429101a0
0x00007fee42910178:   00007fee429101c0 0000000000000034
0x00007fee42910188:   00007fee50c8b1e8 00007fee429101c0
0x00007fee42910198:   00007fee42910618 00007fee42910600
0x00007fee429101a8:   00007fee4e319eed 01007fee50c8b000
0x00007fee429101b8:   00007fee507ec760 6d6170652f6d6f63
0x00007fee429101c8:   632f74736572622f 722f73657372756f
0x00007fee429101d8:   726573552f747365 746e6f4374736552
0x00007fee429101e8:   632e72656c6c6f72 00007f007373616c
0x00007fee429101f8:   00000000c369c490 0000000000000061
0x00007fee42910208:   00007fee2037a130 00007fee50c8b000
0x00007fee42910218:   0000000000000000 0000000000000001
0x00007fee42910228:   00000000c340b018 00007fee429102b0
0x00007fee42910238:   00007fee5495d456 00007fee42910268
0x00007fee42910248:   00007fee429102b0 00007fee4b31c0d8
0x00007fee42910258:   00000000ef0701e0 00000000ef0701c0
0x00007fee42910268:   00000000ef0701a8 00007fee50c8b000
0x00007fee42910278:   0000000000000000 00000000ef070310
0x00007fee42910288:   00000000ef070310 ffffffffffffffff
0x00007fee42910298:   0000000000000004 00007fee50c8b000
0x00007fee429102a8:   00007fee2037a140 00007fee42910310
0x00007fee429102b8:   00007fee549624be 00000000ef0701a8
0x00007fee429102c8:   0000000000000001 0000000000000001
0x00007fee429102d8:   00000004429102d8 00007fee42910310
0x00007fee429102e8:   00007fee50c8ab90 00007fee50c8b000
0x00007fee429102f8:   00000000c3698930 00007fee50c8ab90 

Instructions: (pc=0x00007fee55365ce7)
0x00007fee55365cc7:   93 49 8d 14 13 ff e2 0f 0b 0f 18 8e c0 01 00 00
0x00007fee55365cd7:   0f 18 8e 80 02 00 00 66 0f 6f 06 66 0f 6f 4e 10
0x00007fee55365ce7:   66 0f 6f 56 20 66 0f 6f 5e 30 66 0f 6f 66 40 66
0x00007fee55365cf7:   0f 6f 6e 50 66 0f 6f 76 60 66 0f 6f 7e 70 48 8d 

Register to memory mapping:

RAX=0x00007fee0c7475c0 is an unknown value
RBX=0x0000000000007f09 is an unknown value
RCX=0x0000000000040000 is an unknown value
RDX=0x0000000000007169 is an unknown value
RSP=0x00007fee42910108 is pointing into the stack for thread: 0x00007fee50c8b000
RBP=0x00007fee42910160 is pointing into the stack for thread: 0x00007fee50c8b000
RSI=0x00007fee42d04fe0 is an unknown value
RDI=0x00007fee0c7482e0 is an unknown value
R8 =0x00007fee0c7475c0 is an unknown value
R9 =0x0000000000000000 is an unknown value
R10=0x00007fee0c000078 is an unknown value
R11=0x00007fee553a49b0: <offset 0x1879b0> in /lib/x86_64-linux-gnu/libc.so.6 at 0x00007fee5521d000
R12=0x00007fee42d04292 is an unknown value
R13=0x00007fee0c7911f0 is an unknown value
R14=0x000000000000ceaf is an unknown value
R15=0x00007fee507ec760 is an unknown value


Stack: [0x00007fee42812000,0x00007fee42913000],  sp=0x00007fee42910108,  free space=1016k
Native frames: (J=compiled Java code, j=interpreted, Vv=VM code, C=native code)
C  [libc.so.6+0x148ce7]  __nss_hosts_lookup+0x10f27
C  [libzip.so+0x50b0]  ZIP_GetEntry+0xd0
C  [libzip.so+0x3eed]  Java_java_util_zip_ZipFile_getEntry+0xad
J 29  java.util.zip.ZipFile.getEntry(J[BZ)J (0 bytes) @ 0x00007fee4b385bae [0x00007fee4b385ae0+0xce]

Java frames: (J=compiled Java code, j=interpreted, Vv=VM code)
J 29  java.util.zip.ZipFile.getEntry(J[BZ)J (0 bytes) @ 0x00007fee4b385b38 [0x00007fee4b385ae0+0x58]
J 368 C2 java.util.jar.JarFile.getEntry(Ljava/lang/String;)Ljava/util/zip/ZipEntry; (22 bytes) @ 0x00007fee4b4766e4 [0x00007fee4b4763a0+0x344]
j  sun.net.www.protocol.jar.URLJarFile.getEntry(Ljava/lang/String;)Ljava/util/zip/ZipEntry;+2
j  sun.net.www.protocol.jar.JarURLConnection.connect()V+62
j  sun.net.www.protocol.jar.JarURLConnection.getInputStream()Ljava/io/InputStream;+1
j  java.net.URLClassLoader.getResourceAsStream(Ljava/lang/String;)Ljava/io/InputStream;+18
j  org.springframework.core.io.ClassPathResource.getInputStream()Ljava/io/InputStream;+37
j  org.springframework.core.type.classreading.SimpleMetadataReader.<init>(Lorg/springframework/core/io/Resource;Ljava/lang/ClassLoader;)V+9
j  org.springframework.core.type.classreading.SimpleMetadataReaderFactory.getMetadataReader(Lorg/springframework/core/io/Resource;)Lorg/springframework/core/type/classreading/MetadataReader;+14
j  org.springframework.core.type.classreading.CachingMetadataReaderFactory.getMetadataReader(Lorg/springframework/core/io/Resource;)Lorg/springframework/core/type/classreading/MetadataReader;+40
j  org.springframework.core.type.classreading.SimpleMetadataReaderFactory.getMetadataReader(Ljava/lang/String;)Lorg/springframework/core/type/classreading/MetadataReader;+39
j  org.springframework.context.annotation.ConfigurationClassUtils.checkConfigurationClassCandidate(Lorg/springframework/beans/factory/config/BeanDefinition;Lorg/springframework/core/type/classreading/MetadataReaderFactory;)Z+53
j  org.springframework.context.annotation.ConfigurationClassPostProcessor.processConfigBeanDefinitions(Lorg/springframework/beans/factory/support/BeanDefinitionRegistry;)V+116
j  org.springframework.context.annotation.ConfigurationClassPostProcessor.postProcessBeanDefinitionRegistry(Lorg/springframework/beans/factory/support/BeanDefinitionRegistry;)V+161
j  org.springframework.context.support.PostProcessorRegistrationDelegate.invokeBeanDefinitionRegistryPostProcessors(Ljava/util/Collection;Lorg/springframework/beans/factory/support/BeanDefinitionRegistry;)V+28
j  org.springframework.context.support.PostProcessorRegistrationDelegate.invokeBeanFactoryPostProcessors(Lorg/springframework/beans/factory/config/ConfigurableListableBeanFactory;Ljava/util/List;)V+228
j  org.springframework.context.support.AbstractApplicationContext.invokeBeanFactoryPostProcessors(Lorg/springframework/beans/factory/config/ConfigurableListableBeanFactory;)V+5
j  org.springframework.context.support.AbstractApplicationContext.refresh()V+28
j  org.springframework.web.servlet.FrameworkServlet.configureAndRefreshWebApplicationContext(Lorg/springframework/web/context/ConfigurableWebApplicationContext;)V+180
j  org.springframework.web.servlet.FrameworkServlet.createWebApplicationContext(Lorg/springframework/context/ApplicationContext;)Lorg/springframework/web/context/WebApplicationContext;+172
j  org.springframework.web.servlet.FrameworkServlet.createWebApplicationContext(Lorg/springframework/web/context/WebApplicationContext;)Lorg/springframework/web/context/WebApplicationContext;+2
j  org.springframework.web.servlet.FrameworkServlet.initWebApplicationContext()Lorg/springframework/web/context/WebApplicationContext;+79
j  org.springframework.web.servlet.FrameworkServlet.initServletBean()V+90
j  org.springframework.web.servlet.HttpServletBean.init()V+158
j  javax.servlet.GenericServlet.init(Ljavax/servlet/ServletConfig;)V+6
j  org.mortbay.jetty.servlet.ServletHolder.initServlet()V+101
j  org.mortbay.jetty.servlet.ServletHolder.doStart()V+143
j  org.mortbay.component.AbstractLifeCycle.start()V+31
j  org.mortbay.jetty.servlet.ServletHandler.initialize()V+175
j  org.mortbay.jetty.servlet.Context.startContext()V+25
j  org.mortbay.jetty.webapp.WebAppContext.startContext()V+123
j  org.mortbay.jetty.handler.ContextHandler.doStart()V+140
j  org.mortbay.jetty.webapp.WebAppContext.doStart()V+217
j  org.mortbay.jetty.plugin.Jetty6PluginWebAppContext.doStart()V+6
j  org.mortbay.component.AbstractLifeCycle.start()V+31
j  org.mortbay.jetty.plugin.AbstractJettyRunMojo.restartWebApp(Z)V+186
j  org.mortbay.jetty.plugin.AbstractJettyRunMojo$1.filesChanged(Ljava/util/List;)V+25
j  org.mortbay.util.Scanner.reportBulkChanges(Ljava/util/List;)V+38
j  org.mortbay.util.Scanner.reportDifferences(Ljava/util/Map;Ljava/util/Map;)V+345
j  org.mortbay.util.Scanner.scan()V+13
j  org.mortbay.util.Scanner$1.run()V+4
j  java.util.TimerThread.mainLoop()V+221
j  java.util.TimerThread.run()V+1
v  ~StubRoutines::call_stub

---------------  P R O C E S S  ---------------

Java Threads: ( => current thread )
  0x00007fee0c7a7800 JavaThread "Timer-8" daemon [_thread_blocked, id=4043, stack(0x00007fee42b2a000,0x00007fee42c2b000)]
=>0x00007fee50c8b000 JavaThread "Timer-1" daemon [_thread_in_native, id=2671, stack(0x00007fee42812000,0x00007fee42913000)]
  0x00007fee507e9000 JavaThread "408876861@qtp-2015900092-1 - Acceptor0 SelectChannelConnector@0.0.0.0:8080" [_thread_in_native, id=2666, stack(0x00007fee42d05000,0x00007fee42e06000)]
  0x00007fee507e3000 JavaThread "1853369603@qtp-2015900092-0" [_thread_blocked, id=2665, stack(0x00007fee42e06000,0x00007fee42f07000)]
  0x00007fee500a7000 JavaThread "Service Thread" daemon [_thread_blocked, id=2658, stack(0x00007fee434f3000,0x00007fee435f4000)]
  0x00007fee500a4800 JavaThread "C2 CompilerThread1" daemon [_thread_blocked, id=2657, stack(0x00007fee435f4000,0x00007fee436f5000)]
  0x00007fee500a1800 JavaThread "C2 CompilerThread0" daemon [_thread_blocked, id=2656, stack(0x00007fee436f5000,0x00007fee437f6000)]
  0x00007fee24001000 JavaThread "JDWP Command Reader" daemon [_thread_in_native, id=2651, stack(0x00007fee437f6000,0x00007fee438f7000)]
  0x00007fee5009f800 JavaThread "JDWP Event Helper Thread" daemon [_thread_blocked, id=2650, stack(0x00007fee438f7000,0x00007fee439f8000)]
  0x00007fee5009c000 JavaThread "JDWP Transport Listener: dt_socket" daemon [_thread_blocked, id=2649, stack(0x00007fee439f8000,0x00007fee43af9000)]
  0x00007fee5008f000 JavaThread "Signal Dispatcher" daemon [_thread_blocked, id=2648, stack(0x00007fee43cfd000,0x00007fee43dfe000)]
  0x00007fee5006f000 JavaThread "Finalizer" daemon [_thread_blocked, id=2647, stack(0x00007fee43dfe000,0x00007fee43eff000)]
  0x00007fee5006d000 JavaThread "Reference Handler" daemon [_thread_blocked, id=2646, stack(0x00007fee43eff000,0x00007fee44000000)]
  0x00007fee5000d800 JavaThread "main" [_thread_blocked, id=2642, stack(0x00007fee55d1f000,0x00007fee55e20000)]

Other Threads:
  0x00007fee50068800 VMThread [stack: 0x00007fee480c0000,0x00007fee481c1000] [id=2645]
  0x00007fee500b1800 WatcherThread [stack: 0x00007fee433f2000,0x00007fee434f3000] [id=2659]

VM state:not at safepoint (normal execution)

VM Mutex/Monitor currently owned by a thread: None

Heap
 PSYoungGen      total 102912K, used 36479K [0x00000000ed700000, 0x00000000f5900000, 0x0000000100000000)
  eden space 93184K, 28% used [0x00000000ed700000,0x00000000ef131fe0,0x00000000f3200000)
  from space 9728K, 99% used [0x00000000f3600000,0x00000000f3f6dec0,0x00000000f3f80000)
  to   space 19968K, 0% used [0x00000000f4580000,0x00000000f4580000,0x00000000f5900000)
 ParOldGen       total 50688K, used 30200K [0x00000000c8600000, 0x00000000cb780000, 0x00000000ed700000)
  object space 50688K, 59% used [0x00000000c8600000,0x00000000ca37e210,0x00000000cb780000)
 PSPermGen       total 83968K, used 77622K [0x00000000c3400000, 0x00000000c8600000, 0x00000000c8600000)
  object space 83968K, 92% used [0x00000000c3400000,0x00000000c7fcd928,0x00000000c8600000)

Card table byte_map: [0x00007fee4b12f000,0x00007fee4b316000] byte_map_base: 0x00007fee4ab15000

Polling page: 0x00007fee55e3b000

Code Cache  [0x00007fee4b316000, 0x00007fee4b6f6000, 0x00007fee4e316000)
 total_blobs=1288 nmethods=891 adapters=358 free_code_cache=45255Kb largest_free_block=46270464

Compilation events (10 events):
Event: 2543,000 Thread 0x00007fee500a1800 nmethod 978 0x00007fee4b6d6a10 code [0x00007fee4b6d6c60, 0x00007fee4b6d76b0]
Event: 2543,000 Thread 0x00007fee500a1800  980             com.sun.org.apache.xerces.internal.impl.xs.opti.SchemaDOM::startElement (31 bytes)
Event: 2543,013 Thread 0x00007fee500a1800 nmethod 980 0x00007fee4b6e8990 code [0x00007fee4b6e8ae0, 0x00007fee4b6e8c48]
Event: 2543,013 Thread 0x00007fee500a1800  981             com.sun.org.apache.xerces.internal.impl.xs.opti.SchemaDOM::endElement (30 bytes)
Event: 2543,027 Thread 0x00007fee500a1800 nmethod 981 0x00007fee4b6e6bd0 code [0x00007fee4b6e6d40, 0x00007fee4b6e6f18]
Event: 2543,027 Thread 0x00007fee500a1800  982             com.sun.org.apache.xerces.internal.util.DOMUtil::getFirstChildElement (38 bytes)
Event: 2543,051 Thread 0x00007fee500a1800 nmethod 982 0x00007fee4b6e6590 code [0x00007fee4b6e6700, 0x00007fee4b6e6928]
Event: 2543,136 Thread 0x00007fee500a4800 nmethod 979 0x00007fee4b6f17d0 code [0x00007fee4b6f1ba0, 0x00007fee4b6f37c8]
Event: 2543,606 Thread 0x00007fee500a1800  983             org.springframework.asm.ClassReader::readUTF (194 bytes)
Event: 2543,707 Thread 0x00007fee500a1800 nmethod 983 0x00007fee4b6e9410 code [0x00007fee4b6e95a0, 0x00007fee4b6ea0b8]

GC Heap History (10 events):
Event: 2191,009 GC heap before
{Heap before GC invocations=10 (full 0):
 PSYoungGen      total 122880K, used 122863K [0x00000000ed700000, 0x00000000f6600000, 0x0000000100000000)
  eden space 110592K, 100% used [0x00000000ed700000,0x00000000f4300000,0x00000000f4300000)
  from space 12288K, 99% used [0x00000000f4780000,0x00000000f537bd28,0x00000000f5380000)
  to   space 17920K, 0% used [0x00000000f5480000,0x00000000f5480000,0x00000000f6600000)
 ParOldGen       total 37888K, used 25538K [0x00000000c8600000, 0x00000000cab00000, 0x00000000ed700000)
  object space 37888K, 67% used [0x00000000c8600000,0x00000000c9ef08f0,0x00000000cab00000)
 PSPermGen       total 52224K, used 51870K [0x00000000c3400000, 0x00000000c6700000, 0x00000000c8600000)
  object space 52224K, 99% used [0x00000000c3400000,0x00000000c66a79d8,0x00000000c6700000)
Event: 2191,289 GC heap after
Heap after GC invocations=10 (full 0):
 PSYoungGen      total 123904K, used 17907K [0x00000000ed700000, 0x00000000f6a80000, 0x0000000100000000)
  eden space 105984K, 0% used [0x00000000ed700000,0x00000000ed700000,0x00000000f3e80000)
  from space 17920K, 99% used [0x00000000f5480000,0x00000000f65fcd98,0x00000000f6600000)
  to   space 22528K, 0% used [0x00000000f3e80000,0x00000000f3e80000,0x00000000f5480000)
 ParOldGen       total 37888K, used 31126K [0x00000000c8600000, 0x00000000cab00000, 0x00000000ed700000)
  object space 37888K, 82% used [0x00000000c8600000,0x00000000ca465810,0x00000000cab00000)
 PSPermGen       total 52224K, used 51870K [0x00000000c3400000, 0x00000000c6700000, 0x00000000c8600000)
  object space 52224K, 99% used [0x00000000c3400000,0x00000000c66a79d8,0x00000000c6700000)
}
Event: 2191,289 GC heap before
{Heap before GC invocations=11 (full 1):
 PSYoungGen      total 123904K, used 17907K [0x00000000ed700000, 0x00000000f6a80000, 0x0000000100000000)
  eden space 105984K, 0% used [0x00000000ed700000,0x00000000ed700000,0x00000000f3e80000)
  from space 17920K, 99% used [0x00000000f5480000,0x00000000f65fcd98,0x00000000f6600000)
  to   space 22528K, 0% used [0x00000000f3e80000,0x00000000f3e80000,0x00000000f5480000)
 ParOldGen       total 37888K, used 31126K [0x00000000c8600000, 0x00000000cab00000, 0x00000000ed700000)
  object space 37888K, 82% used [0x00000000c8600000,0x00000000ca465810,0x00000000cab00000)
 PSPermGen       total 52224K, used 51870K [0x00000000c3400000, 0x00000000c6700000, 0x00000000c8600000)
  object space 52224K, 99% used [0x00000000c3400000,0x00000000c66a79d8,0x00000000c6700000)
Event: 2192,600 GC heap after
Heap after GC invocations=11 (full 1):
 PSYoungGen      total 123904K, used 0K [0x00000000ed700000, 0x00000000f6a80000, 0x0000000100000000)
  eden space 105984K, 0% used [0x00000000ed700000,0x00000000ed700000,0x00000000f3e80000)
  from space 17920K, 0% used [0x00000000f5480000,0x00000000f5480000,0x00000000f6600000)
  to   space 22528K, 0% used [0x00000000f3e80000,0x00000000f3e80000,0x00000000f5480000)
 ParOldGen       total 50688K, used 27480K [0x00000000c8600000, 0x00000000cb780000, 0x00000000ed700000)
  object space 50688K, 54% used [0x00000000c8600000,0x00000000ca0d6028,0x00000000cb780000)
 PSPermGen       total 83968K, used 51763K [0x00000000c3400000, 0x00000000c8600000, 0x00000000c8600000)
  object space 83968K, 61% used [0x00000000c3400000,0x00000000c668cf50,0x00000000c8600000)
}
Event: 2489,566 GC heap before
{Heap before GC invocations=12 (full 1):
 PSYoungGen      total 123904K, used 105984K [0x00000000ed700000, 0x00000000f6a80000, 0x0000000100000000)
  eden space 105984K, 100% used [0x00000000ed700000,0x00000000f3e80000,0x00000000f3e80000)
  from space 17920K, 0% used [0x00000000f5480000,0x00000000f5480000,0x00000000f6600000)
  to   space 22528K, 0% used [0x00000000f3e80000,0x00000000f3e80000,0x00000000f5480000)
 ParOldGen       total 50688K, used 27480K [0x00000000c8600000, 0x00000000cb780000, 0x00000000ed700000)
  object space 50688K, 54% used [0x00000000c8600000,0x00000000ca0d6028,0x00000000cb780000)
 PSPermGen       total 83968K, used 59743K [0x00000000c3400000, 0x00000000c8600000, 0x00000000c8600000)
  object space 83968K, 71% used [0x00000000c3400000,0x00000000c6e57de0,0x00000000c8600000)
Event: 2489,615 GC heap after
Heap after GC invocations=12 (full 1):
 PSYoungGen      total 112128K, used 10274K [0x00000000ed700000, 0x00000000f6500000, 0x0000000100000000)
  eden space 101376K, 0% used [0x00000000ed700000,0x00000000ed700000,0x00000000f3a00000)
  from space 10752K, 95% used [0x00000000f3e80000,0x00000000f4888890,0x00000000f4900000)
  to   space 22016K, 0% used [0x00000000f4f80000,0x00000000f4f80000,0x00000000f6500000)
 ParOldGen       total 50688K, used 27480K [0x00000000c8600000, 0x00000000cb780000, 0x00000000ed700000)
  object space 50688K, 54% used [0x00000000c8600000,0x00000000ca0d6028,0x00000000cb780000)
 PSPermGen       total 83968K, used 59743K [0x00000000c3400000, 0x00000000c8600000, 0x00000000c8600000)
  object space 83968K, 71% used [0x00000000c3400000,0x00000000c6e57de0,0x00000000c8600000)
}
Event: 2529,470 GC heap before
{Heap before GC invocations=13 (full 1):
 PSYoungGen      total 112128K, used 111650K [0x00000000ed700000, 0x00000000f6500000, 0x0000000100000000)
  eden space 101376K, 100% used [0x00000000ed700000,0x00000000f3a00000,0x00000000f3a00000)
  from space 10752K, 95% used [0x00000000f3e80000,0x00000000f4888890,0x00000000f4900000)
  to   space 22016K, 0% used [0x00000000f4f80000,0x00000000f4f80000,0x00000000f6500000)
 ParOldGen       total 50688K, used 27480K [0x00000000c8600000, 0x00000000cb780000, 0x00000000ed700000)
  object space 50688K, 54% used [0x00000000c8600000,0x00000000ca0d6028,0x00000000cb780000)
 PSPermGen       total 83968K, used 67729K [0x00000000c3400000, 0x00000000c8600000, 0x00000000c8600000)
  object space 83968K, 80% used [0x00000000c3400000,0x00000000c76246e0,0x00000000c8600000)
Event: 2529,582 GC heap after
Heap after GC invocations=13 (full 1):
 PSYoungGen      total 113152K, used 10750K [0x00000000ed700000, 0x00000000f5f00000, 0x0000000100000000)
  eden space 97280K, 0% used [0x00000000ed700000,0x00000000ed700000,0x00000000f3600000)
  from space 15872K, 67% used [0x00000000f4f80000,0x00000000f59ff8c8,0x00000000f5f00000)
  to   space 20992K, 0% used [0x00000000f3600000,0x00000000f3600000,0x00000000f4a80000)
 ParOldGen       total 50688K, used 28982K [0x00000000c8600000, 0x00000000cb780000, 0x00000000ed700000)
  object space 50688K, 57% used [0x00000000c8600000,0x00000000ca24da00,0x00000000cb780000)
 PSPermGen       total 83968K, used 67729K [0x00000000c3400000, 0x00000000c8600000, 0x00000000c8600000)
  object space 83968K, 80% used [0x00000000c3400000,0x00000000c76246e0,0x00000000c8600000)
}
Event: 2541,589 GC heap before
{Heap before GC invocations=14 (full 1):
 PSYoungGen      total 113152K, used 108030K [0x00000000ed700000, 0x00000000f5f00000, 0x0000000100000000)
  eden space 97280K, 100% used [0x00000000ed700000,0x00000000f3600000,0x00000000f3600000)
  from space 15872K, 67% used [0x00000000f4f80000,0x00000000f59ff8c8,0x00000000f5f00000)
  to   space 20992K, 0% used [0x00000000f3600000,0x00000000f3600000,0x00000000f4a80000)
 ParOldGen       total 50688K, used 28982K [0x00000000c8600000, 0x00000000cb780000, 0x00000000ed700000)
  object space 50688K, 57% used [0x00000000c8600000,0x00000000ca24da00,0x00000000cb780000)
 PSPermGen       total 83968K, used 74872K [0x00000000c3400000, 0x00000000c8600000, 0x00000000c8600000)
  object space 83968K, 89% used [0x00000000c3400000,0x00000000c7d1e3e8,0x00000000c8600000)
Event: 2541,677 GC heap after
Heap after GC invocations=14 (full 1):
 PSYoungGen      total 102912K, used 9655K [0x00000000ed700000, 0x00000000f5900000, 0x0000000100000000)
  eden space 93184K, 0% used [0x00000000ed700000,0x00000000ed700000,0x00000000f3200000)
  from space 9728K, 99% used [0x00000000f3600000,0x00000000f3f6dec0,0x00000000f3f80000)
  to   space 19968K, 0% used [0x00000000f4580000,0x00000000f4580000,0x00000000f5900000)
 ParOldGen       total 50688K, used 30200K [0x00000000c8600000, 0x00000000cb780000, 0x00000000ed700000)
  object space 50688K, 59% used [0x00000000c8600000,0x00000000ca37e210,0x00000000cb780000)
 PSPermGen       total 83968K, used 74872K [0x00000000c3400000, 0x00000000c8600000, 0x00000000c8600000)
  object space 83968K, 89% used [0x00000000c3400000,0x00000000c7d1e3e8,0x00000000c8600000)
}

Deoptimization events (10 events):
Event: 2197,843 Thread 0x00007fee50c8b000 Uncommon trap: reason=array_check action=maybe_recompile pc=0x00007fee4b595c64 method=java.util.TimSort.binarySort([Ljava/lang/Object;IIILjava/util/Comparator;)V @ 193
Event: 2197,862 Thread 0x00007fee50c8b000 Uncommon trap: reason=array_check action=maybe_recompile pc=0x00007fee4b595c64 method=java.util.TimSort.binarySort([Ljava/lang/Object;IIILjava/util/Comparator;)V @ 193
Event: 2469,500 Thread 0x00007fee50c8b000 Uncommon trap: reason=class_check action=maybe_recompile pc=0x00007fee4b5709bc method=org.mortbay.jetty.webapp.TagLibConfiguration.configureWebApp()V @ 298
Event: 2469,506 Thread 0x00007fee50c8b000 Uncommon trap: reason=null_check action=make_not_entrant pc=0x00007fee4b5f4ff0 method=java.util.zip.ZipFile.close()V @ 160
Event: 2489,545 Thread 0x00007fee50c8b000 Uncommon trap: reason=class_check action=maybe_recompile pc=0x00007fee4b5709bc method=org.mortbay.jetty.webapp.TagLibConfiguration.configureWebApp()V @ 298
Event: 2509,541 Thread 0x00007fee50c8b000 Uncommon trap: reason=class_check action=maybe_recompile pc=0x00007fee4b5709bc method=org.mortbay.jetty.webapp.TagLibConfiguration.configureWebApp()V @ 298
Event: 2543,465 Thread 0x00007fee50c8b000 Uncommon trap: reason=null_check action=make_not_entrant pc=0x00007fee4b6db80c method=org.springframework.util.AntPathMatcher.tokenizePattern(Ljava/lang/String;)[Ljava/lang/String; @ 28
Event: 2543,465 Thread 0x00007fee50c8b000 Uncommon trap: reason=null_check action=make_not_entrant pc=0x00007fee4b6c6498 method=org.springframework.util.AntPathMatcher.getStringMatcher(Ljava/lang/String;)Lorg/springframework/util/AntPathMatcher$AntPathStringMatcher; @ 28
Event: 2543,465 Thread 0x00007fee50c8b000 Uncommon trap: reason=null_check action=make_not_entrant pc=0x00007fee4b5f2a80 method=org.springframework.util.AntPathMatcher.getStringMatcher(Ljava/lang/String;)Lorg/springframework/util/AntPathMatcher$AntPathStringMatcher; @ 28
Event: 2543,484 Thread 0x00007fee50c8b000 Uncommon trap: reason=null_check action=make_not_entrant pc=0x00007fee4b6d5240 method=org.springframework.util.AntPathMatcher.tokenizePattern(Ljava/lang/String;)[Ljava/lang/String; @ 28

Internal exceptions (10 events):
Event: 2543,617 Thread 0x00007fee50c8b000 Threw 0x00000000eed86610 at /HUDSON/workspace/7u-2-build-linux-amd64/jdk7u72/1606/hotspot/src/share/vm/prims/jvm.cpp:1281
Event: 2543,617 Thread 0x00007fee50c8b000 Threw 0x00000000eed889a0 at /HUDSON/workspace/7u-2-build-linux-amd64/jdk7u72/1606/hotspot/src/share/vm/prims/jvm.cpp:1281
Event: 2543,618 Thread 0x00007fee50c8b000 Threw 0x00000000eed89010 at /HUDSON/workspace/7u-2-build-linux-amd64/jdk7u72/1606/hotspot/src/share/vm/prims/jvm.cpp:1281
Event: 2543,618 Thread 0x00007fee50c8b000 Threw 0x00000000eed897f0 at /HUDSON/workspace/7u-2-build-linux-amd64/jdk7u72/1606/hotspot/src/share/vm/prims/jvm.cpp:1281
Event: 2543,618 Thread 0x00007fee50c8b000 Threw 0x00000000eed8d088 at /HUDSON/workspace/7u-2-build-linux-amd64/jdk7u72/1606/hotspot/src/share/vm/prims/jvm.cpp:1281
Event: 2543,618 Thread 0x00007fee50c8b000 Threw 0x00000000eed8e168 at /HUDSON/workspace/7u-2-build-linux-amd64/jdk7u72/1606/hotspot/src/share/vm/prims/jvm.cpp:1281
Event: 2543,618 Thread 0x00007fee50c8b000 Threw 0x00000000eed904f8 at /HUDSON/workspace/7u-2-build-linux-amd64/jdk7u72/1606/hotspot/src/share/vm/prims/jvm.cpp:1281
Event: 2543,619 Thread 0x00007fee50c8b000 Threw 0x00000000eed90b68 at /HUDSON/workspace/7u-2-build-linux-amd64/jdk7u72/1606/hotspot/src/share/vm/prims/jvm.cpp:1281
Event: 2543,619 Thread 0x00007fee50c8b000 Threw 0x00000000eed91348 at /HUDSON/workspace/7u-2-build-linux-amd64/jdk7u72/1606/hotspot/src/share/vm/prims/jvm.cpp:1281
Event: 2543,619 Thread 0x00007fee50c8b000 Threw 0x00000000eed94bf8 at /HUDSON/workspace/7u-2-build-linux-amd64/jdk7u72/1606/hotspot/src/share/vm/prims/jvm.cpp:1281

Events (10 events):
Event: 2543,618 loading class 0x00007fee0c8699e0
Event: 2543,618 loading class 0x00007fee0c8699e0 done
Event: 2543,618 loading class 0x00007fee0c8699e0
Event: 2543,618 loading class 0x00007fee0c8699e0 done
Event: 2543,633 loading class 0x00007fee5032e650
Event: 2543,633 loading class 0x00007fee5032e650 done
Event: 2543,633 Thread 0x00007fee50c8b000 DEOPT PACKING pc=0x00007fee4b6764c8 sp=0x00007fee429102b0
Event: 2543,633 Thread 0x00007fee50c8b000 DEOPT UNPACKING pc=0x00007fee4b34ee0f sp=0x00007fee4290fe10 mode 1
Event: 2543,633 loading class 0x00007fee5032e650
Event: 2543,633 loading class 0x00007fee5032e650 done


Dynamic libraries:
00400000-00401000 r-xp 00000000 08:05 3289435                            /usr/lib/jvm/java-7-oracle/bin/java
00600000-00601000 rw-p 00000000 08:05 3289435                            /usr/lib/jvm/java-7-oracle/bin/java
012a9000-012eb000 rw-p 00000000 00:00 0                                  [heap]
c3400000-c8600000 rw-p 00000000 00:00 0 
c8600000-cb780000 rw-p 00000000 00:00 0 
cb780000-ed700000 rw-p 00000000 00:00 0 
ed700000-f5900000 rw-p 00000000 00:00 0 
f5900000-f6a80000 ---p 00000000 00:00 0 
f6a80000-100000000 rw-p 00000000 00:00 0 
7fee0c000000-7fee0cc3c000 rw-p 00000000 00:00 0 
7fee0cc3c000-7fee10000000 ---p 00000000 00:00 0 
7fee10000000-7fee100c4000 rw-p 00000000 00:00 0 
7fee100c4000-7fee14000000 ---p 00000000 00:00 0 
7fee14000000-7fee155d6000 rw-p 00000000 00:00 0 
7fee155d6000-7fee18000000 ---p 00000000 00:00 0 
7fee18000000-7fee18021000 rw-p 00000000 00:00 0 
7fee18021000-7fee1c000000 ---p 00000000 00:00 0 
7fee1c000000-7fee1c021000 rw-p 00000000 00:00 0 
7fee1c021000-7fee20000000 ---p 00000000 00:00 0 
7fee20000000-7fee21bd6000 rw-p 00000000 00:00 0 
7fee21bd6000-7fee24000000 ---p 00000000 00:00 0 
7fee24000000-7fee24021000 rw-p 00000000 00:00 0 
7fee24021000-7fee28000000 ---p 00000000 00:00 0 
7fee28000000-7fee280fb000 rw-p 00000000 00:00 0 
7fee280fb000-7fee2c000000 ---p 00000000 00:00 0 
7fee2c000000-7fee2c022000 rw-p 00000000 00:00 0 
7fee2c022000-7fee30000000 ---p 00000000 00:00 0 
7fee30000000-7fee30021000 rw-p 00000000 00:00 0 
7fee30021000-7fee34000000 ---p 00000000 00:00 0 
7fee34000000-7fee340ba000 rw-p 00000000 00:00 0 
7fee340ba000-7fee38000000 ---p 00000000 00:00 0 
7fee38000000-7fee38021000 rw-p 00000000 00:00 0 
7fee38021000-7fee3c000000 ---p 00000000 00:00 0 
7fee3c000000-7fee3c03e000 rw-p 00000000 00:00 0 
7fee3c03e000-7fee40000000 ---p 00000000 00:00 0 
7fee4280c000-7fee4280d000 rw-p 00000000 00:00 0 
7fee4280d000-7fee4280e000 r--s 00001000 08:05 1972707                    /home/irina/.m2/repository/com/epam/brest/courses/app-rest/1.0.0-SNAPSHOT/app-rest-1.0.0-SNAPSHOT.jar
7fee4280e000-7fee4280f000 r--s 00001000 08:05 1839525                    /home/irina/.m2/repository/com/epam/brest/courses/app-service/1.0.0-SNAPSHOT/app-service-1.0.0-SNAPSHOT.jar
7fee4280f000-7fee42811000 r--s 00001000 08:05 1836220                    /home/irina/.m2/repository/com/epam/brest/courses/app-dao/1.0.0-SNAPSHOT/app-dao-1.0.0-SNAPSHOT.jar
7fee42811000-7fee42812000 r--s 00000000 08:05 1838408                    /home/irina/.m2/repository/com/epam/brest/courses/app-core/1.0.0-SNAPSHOT/app-core-1.0.0-SNAPSHOT.jar
7fee42812000-7fee42815000 ---p 00000000 00:00 0 
7fee42815000-7fee42913000 rw-p 00000000 00:00 0                          [stack:2671]
7fee42913000-7fee4291e000 r--s 0037c000 08:05 3278633                    /usr/lib/jvm/java-7-oracle/jre/lib/charsets.jar
7fee4291e000-7fee42926000 r-xp 00000000 08:05 3278656                    /usr/lib/jvm/java-7-oracle/jre/lib/amd64/libmanagement.so
7fee42926000-7fee42b25000 ---p 00008000 08:05 3278656                    /usr/lib/jvm/java-7-oracle/jre/lib/amd64/libmanagement.so
7fee42b25000-7fee42b26000 rw-p 00007000 08:05 3278656                    /usr/lib/jvm/java-7-oracle/jre/lib/amd64/libmanagement.so
7fee42b26000-7fee42b2a000 r--s 000f7000 08:05 3278860                    /usr/lib/jvm/java-7-oracle/jre/lib/ext/localedata.jar
7fee42b2a000-7fee42b2d000 ---p 00000000 00:00 0 
7fee42b2d000-7fee42c2b000 rw-p 00000000 00:00 0                          [stack:4043]
7fee42c2b000-7fee42c2e000 r--s 00017000 08:05 2097434                    /home/irina/.m2/repository/org/eclipse/jetty/jetty-io/9.2.4.v20141103/jetty-io-9.2.4.v20141103.jar
7fee42c2e000-7fee42c34000 r--s 0004f000 08:05 2097430                    /home/irina/.m2/repository/org/eclipse/jetty/jetty-util/9.2.4.v20141103/jetty-util-9.2.4.v20141103.jar
7fee42c34000-7fee42c36000 r--s 00018000 08:05 2097431                    /home/irina/.m2/repository/org/eclipse/jetty/jetty-http/9.2.4.v20141103/jetty-http-9.2.4.v20141103.jar
7fee42c36000-7fee42c37000 r--s 00003000 08:05 2097433                    /home/irina/.m2/repository/org/eclipse/jetty/jetty-continuation/9.2.4.v20141103/jetty-continuation-9.2.4.v20141103.jar
7fee42c37000-7fee42c39000 r--s 0001c000 08:05 2097432                    /home/irina/.m2/repository/org/eclipse/jetty/jetty-servlets/9.2.4.v20141103/jetty-servlets-9.2.4.v20141103.jar
7fee42c39000-7fee42c43000 r--s 0005c000 08:05 2097713                    /home/irina/.m2/repository/javax/servlet/jstl/1.2/jstl-1.2.jar
7fee42c43000-7fee42c47000 r--s 0002a000 08:05 1972715                    /home/irina/.m2/repository/commons-io/commons-io/2.4/commons-io-2.4.jar
7fee42c47000-7fee42c49000 r--s 00001000 08:05 1836220                    /home/irina/.m2/repository/com/epam/brest/courses/app-dao/1.0.0-SNAPSHOT/app-dao-1.0.0-SNAPSHOT.jar
7fee42c49000-7fee42c4a000 r--s 00001000 08:05 1839525                    /home/irina/.m2/repository/com/epam/brest/courses/app-service/1.0.0-SNAPSHOT/app-service-1.0.0-SNAPSHOT.jar
7fee42c4a000-7fee42c5c000 r--s 000b8000 08:05 1839459                    /home/irina/.m2/repository/org/apache/logging/log4j/log4j-core/2.1/log4j-core-2.1.jar
7fee42c5c000-7fee42c5f000 r--s 0001e000 08:05 1839458                    /home/irina/.m2/repository/org/apache/logging/log4j/log4j-api/2.1/log4j-api-2.1.jar
7fee42c5f000-7fee42c6d000 r--s 00159000 08:05 1837261                    /home/irina/.m2/repository/org/hsqldb/hsqldb/2.3.1/hsqldb-2.3.1.jar
7fee42c6d000-7fee42c71000 r--s 00034000 08:05 1839436                    /home/irina/.m2/repository/com/fasterxml/jackson/core/jackson-core/2.4.3/jackson-core-2.4.3.jar
7fee42c71000-7fee42c74000 r--s 00007000 08:05 1839435                    /home/irina/.m2/repository/com/fasterxml/jackson/core/jackson-annotations/2.4.0/jackson-annotations-2.4.0.jar
7fee42c74000-7fee42c85000 r--s 000f6000 08:05 1839438                    /home/irina/.m2/repository/com/fasterxml/jackson/core/jackson-databind/2.4.3/jackson-databind-2.4.3.jar
7fee42c85000-7fee42c88000 r--s 00015000 08:05 1972752                    /home/irina/.m2/repository/javax/servlet/javax.servlet-api/3.1.0/javax.servlet-api-3.1.0.jar
7fee42c88000-7fee42c97000 r--s 000af000 08:05 2103118                    /home/irina/.m2/repository/org/springframework/spring-webmvc/4.1.1.RELEASE/spring-webmvc-4.1.1.RELEASE.jar
7fee42c97000-7fee42ca6000 r--s 0009c000 08:05 1972114                    /home/irina/.m2/repository/org/springframework/spring-web/4.1.1.RELEASE/spring-web-4.1.1.RELEASE.jar
7fee42ca6000-7fee42cad000 r--s 00037000 08:05 1837256                    /home/irina/.m2/repository/org/springframework/spring-tx/4.1.1.RELEASE/spring-tx-4.1.1.RELEASE.jar
7fee42cad000-7fee42cb7000 r--s 0005f000 08:05 1837254                    /home/irina/.m2/repository/org/springframework/spring-jdbc/4.1.1.RELEASE/spring-jdbc-4.1.1.RELEASE.jar
7fee42cb7000-7fee42cc4000 r--s 0009f000 08:05 1837249                    /home/irina/.m2/repository/org/springframework/spring-beans/4.1.1.RELEASE/spring-beans-4.1.1.RELEASE.jar
7fee42cc4000-7fee42cc8000 r--s 00039000 08:05 1837252                    /home/irina/.m2/repository/org/springframework/spring-expression/4.1.1.RELEASE/spring-expression-4.1.1.RELEASE.jar
7fee42cc8000-7fee42cca000 r--s 0000e000 08:05 1971746                    /home/irina/.m2/repository/commons-logging/commons-logging/1.1.3/commons-logging-1.1.3.jar
7fee42cca000-7fee42cdf000 r--s 000e1000 08:05 1837248                    /home/irina/.m2/repository/org/springframework/spring-core/4.1.1.RELEASE/spring-core-4.1.1.RELEASE.jar
7fee42cdf000-7fee42ce1000 r--s 00000000 08:05 1837247                    /home/irina/.m2/repository/aopalliance/aopalliance/1.0/aopalliance-1.0.jar
7fee42ce1000-7fee42cea000 r--s 0004f000 08:05 1837246                    /home/irina/.m2/repository/org/springframework/spring-aop/4.1.1.RELEASE/spring-aop-4.1.1.RELEASE.jar
7fee42cea000-7fee42d02000 r--s 000e3000 08:05 1837250                    /home/irina/.m2/repository/org/springframework/spring-context/4.1.1.RELEASE/spring-context-4.1.1.RELEASE.jar
7fee42d02000-7fee42d03000 r--s 00000000 08:05 1838408                    /home/irina/.m2/repository/com/epam/brest/courses/app-core/1.0.0-SNAPSHOT/app-core-1.0.0-SNAPSHOT.jar
7fee42d03000-7fee42d05000 r--s 00000000 08:05 1972707                    /home/irina/.m2/repository/com/epam/brest/courses/app-rest/1.0.0-SNAPSHOT/app-rest-1.0.0-SNAPSHOT.jar
7fee42d05000-7fee42d08000 ---p 00000000 00:00 0 
7fee42d08000-7fee42e06000 rw-p 00000000 00:00 0                          [stack:2666]
7fee42e06000-7fee42e09000 ---p 00000000 00:00 0 
7fee42e09000-7fee42f07000 rw-p 00000000 00:00 0                          [stack:2665]
7fee42f07000-7fee42f11000 r--s 00251000 08:05 3278610                    /usr/lib/jvm/java-7-oracle/jre/lib/resources.jar
7fee42f11000-7fee42f13000 r--s 00003000 08:05 2233331                    /home/irina/.m2/repository/org/mortbay/jetty/start/6.1.26/start-6.1.26.jar
7fee42f13000-7fee42f14000 r--s 00002000 08:05 2233329                    /home/irina/.m2/repository/org/apache/geronimo/specs/geronimo-annotation_1.0_spec/1.0/geronimo-annotation_1.0_spec-1.0.jar
7fee42f14000-7fee42f16000 r--s 00002000 08:05 2233327                    /home/irina/.m2/repository/org/mortbay/jetty/jetty-annotations/6.1.26/jetty-annotations-6.1.26.jar
7fee42f16000-7fee42f25000 r--s 000ee000 08:05 2233325                    /home/irina/.m2/repository/ant/ant/1.6.5/ant-1.6.5.jar
7fee42f25000-7fee42f33000 r--s 0018b000 08:05 2233323                    /home/irina/.m2/repository/org/eclipse/jdt/core/compiler/ecj/3.5.1/ecj-3.5.1.jar
7fee42f33000-7fee42f44000 r--s 000ea000 08:05 2233321                    /home/irina/.m2/repository/org/mortbay/jetty/jsp-2.1-glassfish/2.1.v20091210/jsp-2.1-glassfish-2.1.v20091210.jar
7fee42f44000-7fee42f48000 r--s 0001e000 08:05 2233320                    /home/irina/.m2/repository/org/mortbay/jetty/jsp-api-2.1-glassfish/2.1.v20091210/jsp-api-2.1-glassfish-2.1.v20091210.jar
7fee42f48000-7fee42f6b000 r--s 00344000 08:05 2233319                    /home/irina/.m2/repository/org/eclipse/jdt/core/3.1.1/core-3.1.1.jar
7fee42f6b000-7fee42f6d000 r--s 00000000 08:05 2233315                    /home/irina/.m2/repository/org/mortbay/jetty/jsp-2.1-jetty/6.1.26/jsp-2.1-jetty-6.1.26.jar
7fee42f6d000-7fee42f6f000 r--s 00007000 08:05 2233313                    /home/irina/.m2/repository/org/mortbay/jetty/jetty-management/6.1.26/jetty-management-6.1.26.jar
7fee42f6f000-7fee42f71000 r--s 0000e000 08:05 2233311                    /home/irina/.m2/repository/javax/activation/activation/1.1/activation-1.1.jar
7fee42f71000-7fee42f77000 r--s 00059000 08:05 2233309                    /home/irina/.m2/repository/javax/mail/mail/1.4/mail-1.4.jar
7fee42f77000-7fee42f78000 r--s 00006000 08:05 2233308                    /home/irina/.m2/repository/org/mortbay/jetty/jetty-naming/6.1.26/jetty-naming-6.1.26.jar
7fee42f78000-7fee42f7a000 r--s 00002000 08:05 2233305                    /home/irina/.m2/repository/geronimo-spec/geronimo-spec-jta/1.0.1B-rc4/geronimo-spec-jta-1.0.1B-rc4.jar
7fee42f7a000-7fee42f7c000 r--s 0000d000 08:05 2233303                    /home/irina/.m2/repository/org/mortbay/jetty/jetty-plus/6.1.26/jetty-plus-6.1.26.jar
7fee42f7c000-7fee42f7e000 r--s 00004000 08:05 2233302                    /home/irina/.m2/repository/org/apache/maven/maven-plugin-tools-api/2.0/maven-plugin-tools-api-2.0.jar
7fee42f7e000-7fee42f81000 r--s 0001b000 08:05 2233300                    /home/irina/.m2/repository/junit/junit/3.8.2/junit-3.8.2.jar
7fee42f81000-7fee42f84000 r--s 00027000 08:05 1840063                    /home/irina/.m2/repository/org/codehaus/plexus/plexus-utils/1.1/plexus-utils-1.1.jar
7fee42f84000-7fee42f86000 r--s 0001f000 08:05 1970848                    /home/irina/.m2/repository/org/mortbay/jetty/servlet-api/2.5-20081211/servlet-api-2.5-20081211.jar
7fee42f86000-7fee42f8a000 r--s 00028000 08:05 2233301                    /home/irina/.m2/repository/org/mortbay/jetty/jetty-util/6.1.26/jetty-util-6.1.26.jar
7fee42f8a000-7fee42f91000 r--s 0007d000 08:05 2233299                    /home/irina/.m2/repository/org/mortbay/jetty/jetty/6.1.26/jetty-6.1.26.jar
7fee42f91000-7fee42f93000 r--s 0000a000 08:05 2233093                    /home/irina/.m2/repository/org/mortbay/jetty/maven-jetty-plugin/6.1.26/maven-jetty-plugin-6.1.26.jar
7fee42f93000-7fee42f95000 r--s 00002000 08:05 1839667                    /home/irina/.m2/repository/org/codehaus/plexus/plexus-compiler-javac/1.8.1/plexus-compiler-javac-1.8.1.jar
7fee42f95000-7fee42f97000 r--s 00000000 08:05 1839668                    /home/irina/.m2/repository/org/codehaus/plexus/plexus-compiler-manager/1.8.1/plexus-compiler-manager-1.8.1.jar
7fee42f97000-7fee42f99000 r--s 00006000 08:05 1839632                    /home/irina/.m2/repository/org/apache/maven/plugins/maven-compiler-plugin/2.3.2/maven-compiler-plugin-2.3.2.jar
7fee42f99000-7fee42fca000 rw-p 00000000 00:00 0 
7fee42fca000-7fee42fe0000 r-xp 00000000 08:05 3278707                    /usr/lib/jvm/java-7-oracle/jre/lib/amd64/libnet.so
7fee42fe0000-7fee431e0000 ---p 00016000 08:05 3278707                    /usr/lib/jvm/java-7-oracle/jre/lib/amd64/libnet.so
7fee431e0000-7fee431e1000 rw-p 00016000 08:05 3278707                    /usr/lib/jvm/java-7-oracle/jre/lib/amd64/libnet.so
7fee431e1000-7fee431f1000 r-xp 00000000 08:05 3278708                    /usr/lib/jvm/java-7-oracle/jre/lib/amd64/libnio.so
7fee431f1000-7fee433f1000 ---p 00010000 08:05 3278708                    /usr/lib/jvm/java-7-oracle/jre/lib/amd64/libnio.so
7fee433f1000-7fee433f2000 rw-p 00010000 08:05 3278708                    /usr/lib/jvm/java-7-oracle/jre/lib/amd64/libnio.so
7fee433f2000-7fee433f3000 ---p 00000000 00:00 0 
7fee433f3000-7fee434f3000 rw-p 00000000 00:00 0                          [stack:2659]
7fee434f3000-7fee434f6000 ---p 00000000 00:00 0 
7fee434f6000-7fee435f4000 rw-p 00000000 00:00 0                          [stack:2658]
7fee435f4000-7fee435f7000 ---p 00000000 00:00 0 
7fee435f7000-7fee436f5000 rw-p 00000000 00:00 0                          [stack:2657]
7fee436f5000-7fee436f8000 ---p 00000000 00:00 0 
7fee436f8000-7fee437f6000 rw-p 00000000 00:00 0                          [stack:2656]
7fee437f6000-7fee437f9000 ---p 00000000 00:00 0 
7fee437f9000-7fee438f7000 rw-p 00000000 00:00 0                          [stack:2651]
7fee438f7000-7fee438fa000 ---p 00000000 00:00 0 
7fee438fa000-7fee439f8000 rw-p 00000000 00:00 0                          [stack:2650]
7fee439f8000-7fee439fb000 ---p 00000000 00:00 0 
7fee439fb000-7fee43af9000 rw-p 00000000 00:00 0                          [stack:2649]
7fee43af9000-7fee43afd000 r-xp 00000000 08:05 3278671                    /usr/lib/jvm/java-7-oracle/jre/lib/amd64/libdt_socket.so
7fee43afd000-7fee43cfc000 ---p 00004000 08:05 3278671                    /usr/lib/jvm/java-7-oracle/jre/lib/amd64/libdt_socket.so
7fee43cfc000-7fee43cfd000 rw-p 00003000 08:05 3278671                    /usr/lib/jvm/java-7-oracle/jre/lib/amd64/libdt_socket.so
7fee43cfd000-7fee43d00000 ---p 00000000 00:00 0 
7fee43d00000-7fee43dfe000 rw-p 00000000 00:00 0                          [stack:2648]
7fee43dfe000-7fee43e01000 ---p 00000000 00:00 0 
7fee43e01000-7fee43eff000 rw-p 00000000 00:00 0                          [stack:2647]
7fee43eff000-7fee43f02000 ---p 00000000 00:00 0 
7fee43f02000-7fee44000000 rw-p 00000000 00:00 0                          [stack:2646]
7fee44000000-7fee44058000 rw-p 00000000 00:00 0 
7fee44058000-7fee48000000 ---p 00000000 00:00 0 
7fee48000000-7fee48001000 r--s 00004000 08:05 1839666                    /home/irina/.m2/repository/org/codehaus/plexus/plexus-compiler-api/1.8.1/plexus-compiler-api-1.8.1.jar
7fee48001000-7fee48003000 r--s 0000d000 08:05 1838095                    /home/irina/.m2/repository/org/codehaus/plexus/plexus-interpolation/1.13/plexus-interpolation-1.13.jar
7fee48003000-7fee48004000 r--s 00001000 08:05 1838094                    /home/irina/.m2/repository/org/sonatype/plexus/plexus-build-api/0.0.4/plexus-build-api-0.0.4.jar
7fee48004000-7fee48006000 r--s 00009000 08:05 1838089                    /home/irina/.m2/repository/org/apache/maven/shared/maven-filtering/1.1/maven-filtering-1.1.jar
7fee48006000-7fee4800a000 r--s 00033000 08:05 1838087                    /home/irina/.m2/repository/org/codehaus/plexus/plexus-utils/2.0.5/plexus-utils-2.0.5.jar
7fee4800a000-7fee4800d000 r--s 0001b000 08:05 1838090                    /home/irina/.m2/repository/junit/junit/3.8.1/junit-3.8.1.jar
7fee4800d000-7fee4800f000 r--s 00002000 08:05 1838083                    /home/irina/.m2/repository/org/codehaus/plexus/plexus-interactivity-api/1.0-alpha-4/plexus-interactivity-api-1.0-alpha-4.jar
7fee4800f000-7fee48011000 r--s 00006000 08:05 1838088                    /home/irina/.m2/repository/commons-cli/commons-cli/1.0/commons-cli-1.0.jar
7fee48011000-7fee48012000 r--s 00001000 08:05 1838091                    /home/irina/.m2/repository/org/apache/maven/doxia/doxia-sink-api/1.0-alpha-7/doxia-sink-api-1.0-alpha-7.jar
7fee48012000-7fee48013000 r--s 00002000 08:05 1838084                    /home/irina/.m2/repository/org/apache/maven/reporting/maven-reporting-api/2.0.6/maven-reporting-api-2.0.6.jar
7fee48013000-7fee48015000 r--s 00006000 08:05 1836616                    /home/irina/.m2/repository/org/apache/maven/plugins/maven-resources-plugin/2.6/maven-resources-plugin-2.6.jar
7fee48015000-7fee4801a000 r--s 0008a000 08:05 3278872                    /usr/lib/jvm/java-7-oracle/jre/lib/jsse.jar
7fee4801a000-7fee4801c000 r--s 00003000 08:05 136148                     /usr/share/maven3/lib/aether-spi-0.9.0.M2.jar
7fee4801c000-7fee4801d000 r--s 00006000 08:05 136141                     /usr/share/maven3/lib/plexus-sec-dispatcher-1.3.jar
7fee4801d000-7fee4801f000 r--s 0000d000 08:05 136160                     /usr/share/maven3/lib/maven-embedder-3.2.1.jar
7fee4801f000-7fee48020000 r--s 0000e000 08:05 136147                     /usr/share/maven3/lib/maven-aether-provider-3.2.1.jar
7fee48020000-7fee48022000 r--s 00007000 08:05 136155                     /usr/share/maven3/lib/aether-connector-wagon-0.9.0.M2.jar
7fee48022000-7fee48024000 r--s 00009000 08:05 136173                     /usr/share/maven3/lib/commons-cli-1.2.jar
7fee48024000-7fee48025000 r--s 00002000 08:05 136142                     /usr/share/maven3/lib/wagon-file-2.6.jar
7fee48025000-7fee48044000 r--s 00134000 08:05 136149                     /usr/share/maven3/lib/wagon-http-2.6-shaded.jar
7fee48044000-7fee4804c000 r--s 00050000 08:05 136156                     /usr/share/maven3/lib/sisu-guice-3.1.3-no_aop.jar
7fee4804c000-7fee4804e000 r--s 00000000 08:05 136150                     /usr/share/maven3/lib/plexus-component-annotations-1.5.5.jar
7fee4804e000-7fee48052000 r--s 0001d000 08:05 136171                     /usr/share/maven3/lib/aether-util-0.9.0.M2.jar
7fee48052000-7fee48054000 r--s 00009000 08:05 136163                     /usr/share/maven3/lib/maven-settings-3.2.1.jar
7fee48054000-7fee48057000 r--s 00008000 08:05 136151                     /usr/share/maven3/lib/cdi-api-1.0.jar
7fee48057000-7fee4805c000 r--s 00024000 08:05 137813                     /usr/share/maven3/lib/maven-model-builder-3.2.1.jar
7fee4805c000-7fee4805e000 r--s 0000a000 08:05 136145                     /usr/share/maven3/lib/maven-plugin-api-3.2.1.jar
7fee4805e000-7fee48062000 r--s 0003a000 08:05 136186                     /usr/share/maven3/lib/plexus-utils-3.0.17.jar
7fee48062000-7fee48064000 r--s 00002000 08:05 136165                     /usr/share/maven3/lib/plexus-cipher-1.7.jar
7fee48064000-7fee4806b000 r--s 0003f000 08:05 136166                     /usr/share/maven3/lib/maven-compat-3.2.1.jar
7fee4806b000-7fee48077000 r--s 00081000 08:05 136180                     /usr/share/maven3/lib/maven-core-3.2.1.jar
7fee48077000-7fee4807b000 r--s 0001d000 08:05 136139                     /usr/share/maven3/lib/aether-api-0.9.0.M2.jar
7fee4807b000-7fee4807d000 r--s 0000b000 08:05 137814                     /usr/share/maven3/lib/wagon-provider-api-2.6.jar
7fee4807d000-7fee48081000 r--s 00020000 08:05 136154                     /usr/share/maven3/lib/aether-impl-0.9.0.M2.jar
7fee48081000-7fee480aa000 r--s 001ee000 08:05 136168                     /usr/share/maven3/lib/guava-14.0.1.jar
7fee480aa000-7fee480ad000 r--s 0000b000 08:05 136185                     /usr/share/maven3/lib/maven-artifact-3.2.1.jar
7fee480ad000-7fee480b0000 r--s 00025000 08:05 136153                     /usr/share/maven3/lib/maven-model-3.2.1.jar
7fee480b0000-7fee480b6000 r--s 00042000 08:05 136178                     /usr/share/maven3/lib/org.eclipse.sisu.inject-0.0.0.M5.jar
7fee480b6000-7fee480ba000 r--s 00027000 08:05 136140                     /usr/share/maven3/lib/commons-io-2.2.jar
7fee480ba000-7fee480c0000 r--s 00042000 08:05 136143                     /usr/share/maven3/lib/jsoup-1.7.2.jar
7fee480c0000-7fee480c1000 ---p 00000000 00:00 0 
7fee480c1000-7fee48b2d000 rw-p 00000000 00:00 0                          [stack:2645]
7fee48b2d000-7fee48ced000 r--s 039ea000 08:05 3278724                    /usr/lib/jvm/java-7-oracle/jre/lib/rt.jar
7fee48ced000-7fee4ae04000 rw-p 00000000 00:00 0 
7fee4ae04000-7fee4ae05000 ---p 00000000 00:00 0 
7fee4ae05000-7fee4af05000 rw-p 00000000 00:00 0                          [stack:2644]
7fee4af05000-7fee4af06000 ---p 00000000 00:00 0 
7fee4af06000-7fee4b01f000 rw-p 00000000 00:00 0                          [stack:2643]
7fee4b01f000-7fee4b12f000 rw-p 00000000 00:00 0 
7fee4b12f000-7fee4b158000 rw-p 00000000 00:00 0 
7fee4b158000-7fee4b171000 rw-p 00000000 00:00 0 
7fee4b171000-7fee4b280000 rw-p 00000000 00:00 0 
7fee4b280000-7fee4b2c2000 rw-p 00000000 00:00 0 
7fee4b2c2000-7fee4b2cb000 ---p 00000000 00:00 0 
7fee4b2cb000-7fee4b315000 rw-p 00000000 00:00 0 
7fee4b315000-7fee4b316000 rw-p 00000000 00:00 0 
7fee4b316000-7fee4b6f6000 rwxp 00000000 00:00 0 
7fee4b6f6000-7fee4e316000 rw-p 00000000 00:00 0 
7fee4e316000-7fee4e330000 r-xp 00000000 08:05 3278701                    /usr/lib/jvm/java-7-oracle/jre/lib/amd64/libzip.so
7fee4e330000-7fee4e530000 ---p 0001a000 08:05 3278701                    /usr/lib/jvm/java-7-oracle/jre/lib/amd64/libzip.so
7fee4e530000-7fee4e531000 rw-p 0001a000 08:05 3278701                    /usr/lib/jvm/java-7-oracle/jre/lib/amd64/libzip.so
7fee4e531000-7fee4e53c000 r-xp 00000000 08:05 1966182                    /lib/x86_64-linux-gnu/libnss_files-2.19.so
7fee4e53c000-7fee4e73b000 ---p 0000b000 08:05 1966182                    /lib/x86_64-linux-gnu/libnss_files-2.19.so
7fee4e73b000-7fee4e73c000 r--p 0000a000 08:05 1966182                    /lib/x86_64-linux-gnu/libnss_files-2.19.so
7fee4e73c000-7fee4e73d000 rw-p 0000b000 08:05 1966182                    /lib/x86_64-linux-gnu/libnss_files-2.19.so
7fee4e73d000-7fee4e748000 r-xp 00000000 08:05 1966183                    /lib/x86_64-linux-gnu/libnss_nis-2.19.so
7fee4e748000-7fee4e947000 ---p 0000b000 08:05 1966183                    /lib/x86_64-linux-gnu/libnss_nis-2.19.so
7fee4e947000-7fee4e948000 r--p 0000a000 08:05 1966183                    /lib/x86_64-linux-gnu/libnss_nis-2.19.so
7fee4e948000-7fee4e949000 rw-p 0000b000 08:05 1966183                    /lib/x86_64-linux-gnu/libnss_nis-2.19.so
7fee4e949000-7fee4e960000 r-xp 00000000 08:05 1966169                    /lib/x86_64-linux-gnu/libnsl-2.19.so
7fee4e960000-7fee4eb5f000 ---p 00017000 08:05 1966169                    /lib/x86_64-linux-gnu/libnsl-2.19.so
7fee4eb5f000-7fee4eb60000 r--p 00016000 08:05 1966169                    /lib/x86_64-linux-gnu/libnsl-2.19.so
7fee4eb60000-7fee4eb61000 rw-p 00017000 08:05 1966169                    /lib/x86_64-linux-gnu/libnsl-2.19.so
7fee4eb61000-7fee4eb63000 rw-p 00000000 00:00 0 
7fee4eb63000-7fee4eb6c000 r-xp 00000000 08:05 1966106                    /lib/x86_64-linux-gnu/libnss_compat-2.19.so
7fee4eb6c000-7fee4ed6b000 ---p 00009000 08:05 1966106                    /lib/x86_64-linux-gnu/libnss_compat-2.19.so
7fee4ed6b000-7fee4ed6c000 r--p 00008000 08:05 1966106                    /lib/x86_64-linux-gnu/libnss_compat-2.19.so
7fee4ed6c000-7fee4ed6d000 rw-p 00009000 08:05 1966106                    /lib/x86_64-linux-gnu/libnss_compat-2.19.so
7fee4ed6d000-7fee4f581000 r--p 00000000 08:05 3284909                    /usr/lib/locale/locale-archive
7fee4f581000-7fee4f584000 r-xp 00000000 08:05 3278669                    /usr/lib/jvm/java-7-oracle/jre/lib/amd64/libnpt.so
7fee4f584000-7fee4f783000 ---p 00003000 08:05 3278669                    /usr/lib/jvm/java-7-oracle/jre/lib/amd64/libnpt.so
7fee4f783000-7fee4f784000 rw-p 00002000 08:05 3278669                    /usr/lib/jvm/java-7-oracle/jre/lib/amd64/libnpt.so
7fee4f784000-7fee4f7bd000 r-xp 00000000 08:05 3278709                    /usr/lib/jvm/java-7-oracle/jre/lib/amd64/libjdwp.so
7fee4f7bd000-7fee4f9bd000 ---p 00039000 08:05 3278709                    /usr/lib/jvm/java-7-oracle/jre/lib/amd64/libjdwp.so
7fee4f9bd000-7fee4f9be000 rw-p 00039000 08:05 3278709                    /usr/lib/jvm/java-7-oracle/jre/lib/amd64/libjdwp.so
7fee4f9be000-7fee4f9bf000 rw-p 00000000 00:00 0 
7fee4f9bf000-7fee4f9e8000 r-xp 00000000 08:05 3278703                    /usr/lib/jvm/java-7-oracle/jre/lib/amd64/libjava.so
7fee4f9e8000-7fee4fbe8000 ---p 00029000 08:05 3278703                    /usr/lib/jvm/java-7-oracle/jre/lib/amd64/libjava.so
7fee4fbe8000-7fee4fbea000 rw-p 00029000 08:05 3278703                    /usr/lib/jvm/java-7-oracle/jre/lib/amd64/libjava.so
7fee4fbea000-7fee4fbf7000 r-xp 00000000 08:05 3278674                    /usr/lib/jvm/java-7-oracle/jre/lib/amd64/libverify.so
7fee4fbf7000-7fee4fdf6000 ---p 0000d000 08:05 3278674                    /usr/lib/jvm/java-7-oracle/jre/lib/amd64/libverify.so
7fee4fdf6000-7fee4fdf8000 rw-p 0000c000 08:05 3278674                    /usr/lib/jvm/java-7-oracle/jre/lib/amd64/libverify.so
7fee4fdf8000-7fee4fdff000 r-xp 00000000 08:05 1966171                    /lib/x86_64-linux-gnu/librt-2.19.so
7fee4fdff000-7fee4fffe000 ---p 00007000 08:05 1966171                    /lib/x86_64-linux-gnu/librt-2.19.so
7fee4fffe000-7fee4ffff000 r--p 00006000 08:05 1966171                    /lib/x86_64-linux-gnu/librt-2.19.so
7fee4ffff000-7fee50000000 rw-p 00007000 08:05 1966171                    /lib/x86_64-linux-gnu/librt-2.19.so
7fee50000000-7fee50ef6000 rw-p 00000000 00:00 0 
7fee50ef6000-7fee54000000 ---p 00000000 00:00 0 
7fee54000000-7fee54001000 r--s 00001000 08:05 136158                     /usr/share/maven3/lib/jsr250-api-1.0.jar
7fee54001000-7fee54003000 r--s 00000000 08:05 136162                     /usr/share/maven3/lib/aopalliance-1.0.jar
7fee54003000-7fee54004000 r--s 00002000 08:05 137821                     /usr/share/maven3/lib/wagon-http-shared-2.6.jar
7fee54004000-7fee540a0000 rw-p 00000000 00:00 0 
7fee540a0000-7fee541a5000 r-xp 00000000 08:05 1966178                    /lib/x86_64-linux-gnu/libm-2.19.so
7fee541a5000-7fee543a4000 ---p 00105000 08:05 1966178                    /lib/x86_64-linux-gnu/libm-2.19.so
7fee543a4000-7fee543a5000 r--p 00104000 08:05 1966178                    /lib/x86_64-linux-gnu/libm-2.19.so
7fee543a5000-7fee543a6000 rw-p 00105000 08:05 1966178                    /lib/x86_64-linux-gnu/libm-2.19.so
7fee543a6000-7fee54f19000 r-xp 00000000 08:05 3278659                    /usr/lib/jvm/java-7-oracle/jre/lib/amd64/server/libjvm.so
7fee54f19000-7fee55118000 ---p 00b73000 08:05 3278659                    /usr/lib/jvm/java-7-oracle/jre/lib/amd64/server/libjvm.so
7fee55118000-7fee551dc000 rw-p 00b72000 08:05 3278659                    /usr/lib/jvm/java-7-oracle/jre/lib/amd64/server/libjvm.so
7fee551dc000-7fee5521d000 rw-p 00000000 00:00 0 
7fee5521d000-7fee553d8000 r-xp 00000000 08:05 1966175                    /lib/x86_64-linux-gnu/libc-2.19.so
7fee553d8000-7fee555d8000 ---p 001bb000 08:05 1966175                    /lib/x86_64-linux-gnu/libc-2.19.so
7fee555d8000-7fee555dc000 r--p 001bb000 08:05 1966175                    /lib/x86_64-linux-gnu/libc-2.19.so
7fee555dc000-7fee555de000 rw-p 001bf000 08:05 1966175                    /lib/x86_64-linux-gnu/libc-2.19.so
7fee555de000-7fee555e3000 rw-p 00000000 00:00 0 
7fee555e3000-7fee555e6000 r-xp 00000000 08:05 1970151                    /lib/x86_64-linux-gnu/libdl-2.19.so
7fee555e6000-7fee557e5000 ---p 00003000 08:05 1970151                    /lib/x86_64-linux-gnu/libdl-2.19.so
7fee557e5000-7fee557e6000 r--p 00002000 08:05 1970151                    /lib/x86_64-linux-gnu/libdl-2.19.so
7fee557e6000-7fee557e7000 rw-p 00003000 08:05 1970151                    /lib/x86_64-linux-gnu/libdl-2.19.so
7fee557e7000-7fee557fd000 r-xp 00000000 08:05 3288862                    /usr/lib/jvm/java-7-oracle/lib/amd64/jli/libjli.so
7fee557fd000-7fee559fd000 ---p 00016000 08:05 3288862                    /usr/lib/jvm/java-7-oracle/lib/amd64/jli/libjli.so
7fee559fd000-7fee559fe000 rw-p 00016000 08:05 3288862                    /usr/lib/jvm/java-7-oracle/lib/amd64/jli/libjli.so
7fee559fe000-7fee55a17000 r-xp 00000000 08:05 1970206                    /lib/x86_64-linux-gnu/libpthread-2.19.so
7fee55a17000-7fee55c16000 ---p 00019000 08:05 1970206                    /lib/x86_64-linux-gnu/libpthread-2.19.so
7fee55c16000-7fee55c17000 r--p 00018000 08:05 1970206                    /lib/x86_64-linux-gnu/libpthread-2.19.so
7fee55c17000-7fee55c18000 rw-p 00019000 08:05 1970206                    /lib/x86_64-linux-gnu/libpthread-2.19.so
7fee55c18000-7fee55c1c000 rw-p 00000000 00:00 0 
7fee55c1c000-7fee55c3f000 r-xp 00000000 08:05 1966176                    /lib/x86_64-linux-gnu/ld-2.19.so
7fee55c3f000-7fee55c45000 r--s 0002a000 08:05 136138                     /usr/share/maven3/lib/org.eclipse.sisu.plexus-0.0.0.M5.jar
7fee55c45000-7fee55c48000 r--s 0000d000 08:05 136159                     /usr/share/maven3/lib/plexus-interpolation-1.19.jar
7fee55c48000-7fee55c4a000 r--s 00005000 08:05 136176                     /usr/share/maven3/lib/maven-repository-metadata-3.2.1.jar
7fee55c4a000-7fee55c4c000 r--s 00009000 08:05 136157                     /usr/share/maven3/lib/maven-settings-builder-3.2.1.jar
7fee55c4c000-7fee55c6f000 rw-p 00000000 00:00 0 
7fee55c6f000-7fee55d1f000 rw-p 00000000 00:00 0 
7fee55d1f000-7fee55d22000 ---p 00000000 00:00 0 
7fee55d22000-7fee55e24000 rw-p 00000000 00:00 0                          [stack:2642]
7fee55e24000-7fee55e25000 r--s 00000000 08:05 137816                     /usr/share/maven3/lib/javax.inject-1.jar
7fee55e25000-7fee55e26000 r--s 00002000 08:05 136177                     /usr/share/maven3/lib/slf4j-simple-1.7.5.jar
7fee55e26000-7fee55e28000 r--s 00005000 08:05 136179                     /usr/share/maven3/lib/slf4j-api-1.7.5.jar
7fee55e28000-7fee55e2d000 r--s 00041000 08:05 136182                     /usr/share/maven3/lib/commons-lang-2.6.jar
7fee55e2d000-7fee55e2f000 r--s 00015000 08:05 1713881                    /home/irina/idea-IC-135.1289/lib/idea_rt.jar
7fee55e2f000-7fee55e32000 r--s 0000a000 08:05 137824                     /usr/share/maven3/boot/plexus-classworlds-2.5.1.jar
7fee55e32000-7fee55e3a000 rw-s 00000000 08:05 2883609                    /tmp/hsperfdata_irina/2641
7fee55e3a000-7fee55e3b000 rw-p 00000000 00:00 0 
7fee55e3b000-7fee55e3c000 r--p 00000000 00:00 0 
7fee55e3c000-7fee55e3e000 rw-p 00000000 00:00 0 
7fee55e3e000-7fee55e3f000 r--p 00022000 08:05 1966176                    /lib/x86_64-linux-gnu/ld-2.19.so
7fee55e3f000-7fee55e40000 rw-p 00023000 08:05 1966176                    /lib/x86_64-linux-gnu/ld-2.19.so
7fee55e40000-7fee55e41000 rw-p 00000000 00:00 0 
7fffcd88e000-7fffcd8b0000 rw-p 00000000 00:00 0                          [stack]
7fffcd8ca000-7fffcd8cc000 r-xp 00000000 00:00 0                          [vdso]
ffffffffff600000-ffffffffff601000 r-xp 00000000 00:00 0                  [vsyscall]

VM Arguments:
jvm_args: -agentlib:jdwp=transport=dt_socket,address=127.0.0.1:49538,suspend=y,server=n -Dmaven.home=/usr/share/maven3 -Dclassworlds.conf=/usr/share/maven3/bin/m2.conf -Dfile.encoding=UTF-8 
java_command: org.codehaus.classworlds.Launcher -Didea.version=13.1.6 jetty:run
Launcher Type: SUN_STANDARD

Environment Variables:
JAVA_HOME=/usr/lib/jvm/java-7-oracle
CLASSPATH=./../lib/bootstrap.jar:./../lib/extensions.jar:./../lib/util.jar:./../lib/jdom.jar:./../lib/log4j.jar:./../lib/trove4j.jar:./../lib/jna.jar:/usr/lib/jvm/java-7-oracle/lib/tools.jar
PATH=/usr/local/sbin:/usr/local/bin:/usr/sbin:/usr/bin:/sbin:/bin:/usr/games:/usr/local/games:/usr/lib/jvm/java-7-oracle/bin:/usr/lib/jvm/java-7-oracle/db/bin:/usr/lib/jvm/java-7-oracle/jre/bin
LD_LIBRARY_PATH=.:
SHELL=/bin/bash
DISPLAY=:0

Signal Handlers:
SIGSEGV: [libjvm.so+0x9a1a10], sa_mask[0]=0x7ffbfeff, sa_flags=0x10000004
SIGBUS: [libjvm.so+0x9a1a10], sa_mask[0]=0x7ffbfeff, sa_flags=0x10000004
SIGFPE: [libjvm.so+0x81bae0], sa_mask[0]=0x7ffbfeff, sa_flags=0x10000004
SIGPIPE: [libjvm.so+0x81bae0], sa_mask[0]=0x7ffbfeff, sa_flags=0x10000004
SIGXFSZ: [libjvm.so+0x81bae0], sa_mask[0]=0x7ffbfeff, sa_flags=0x10000004
SIGILL: [libjvm.so+0x81bae0], sa_mask[0]=0x7ffbfeff, sa_flags=0x10000004
SIGUSR1: SIG_DFL, sa_mask[0]=0x00000000, sa_flags=0x00000000
SIGUSR2: [libjvm.so+0x81d2e0], sa_mask[0]=0x00000004, sa_flags=0x10000004
SIGHUP: [libjvm.so+0x81e400], sa_mask[0]=0x7ffbfeff, sa_flags=0x10000004
SIGINT: [libjvm.so+0x81e400], sa_mask[0]=0x7ffbfeff, sa_flags=0x10000004
SIGTERM: [libjvm.so+0x81e400], sa_mask[0]=0x7ffbfeff, sa_flags=0x10000004
SIGQUIT: [libjvm.so+0x81e400], sa_mask[0]=0x7ffbfeff, sa_flags=0x10000004


---------------  S Y S T E M  ---------------

OS:jessie/sid

uname:Linux 3.13.0-39-generic #66-Ubuntu SMP Tue Oct 28 13:30:27 UTC 2014 x86_64
libc:glibc 2.19 NPTL 2.19 
rlimit: STACK 8192k, CORE 0k, NPROC 28255, NOFILE 4096, AS infinity
load average:1,95 1,46 1,03

/proc/meminfo:
MemTotal:        3638260 kB
MemFree:          156808 kB
Buffers:           53000 kB
Cached:          1213184 kB
SwapCached:            0 kB
Active:          2507052 kB
Inactive:         792780 kB
Active(anon):    2031612 kB
Inactive(anon):    34504 kB
Active(file):     475440 kB
Inactive(file):   758276 kB
Unevictable:           0 kB
Mlocked:               0 kB
SwapTotal:        897020 kB
SwapFree:         897020 kB
Dirty:             11016 kB
Writeback:             0 kB
AnonPages:       2033664 kB
Mapped:           268260 kB
Shmem:             32468 kB
Slab:              77344 kB
SReclaimable:      48312 kB
SUnreclaim:        29032 kB
KernelStack:        4800 kB
PageTables:        37384 kB
NFS_Unstable:          0 kB
Bounce:                0 kB
WritebackTmp:          0 kB
CommitLimit:     2716148 kB
Committed_AS:    5706400 kB
VmallocTotal:   34359738367 kB
VmallocUsed:       92048 kB
VmallocChunk:   34359641468 kB
HardwareCorrupted:     0 kB
AnonHugePages:   1413120 kB
HugePages_Total:       0
HugePages_Free:        0
HugePages_Rsvd:        0
HugePages_Surp:        0
Hugepagesize:       2048 kB
DirectMap4k:       69416 kB
DirectMap2M:     2660352 kB
DirectMap1G:     1048576 kB


CPU:total 2 (2 cores per cpu, 1 threads per core) family 20 model 2 stepping 0, cmov, cx8, fxsr, mmx, sse, sse2, sse3, ssse3, popcnt, mmxext, lzcnt, sse4a, tsc, tscinvbit, tscinv

/proc/cpuinfo:
processor	: 0
vendor_id	: AuthenticAMD
cpu family	: 20
model		: 2
model name	: AMD E-450 APU with Radeon(tm) HD Graphics
stepping	: 0
microcode	: 0x5000101
cpu MHz		: 1650.000
cache size	: 512 KB
physical id	: 0
siblings	: 2
core id		: 0
cpu cores	: 2
apicid		: 0
initial apicid	: 0
fpu		: yes
fpu_exception	: yes
cpuid level	: 6
wp		: yes
flags		: fpu vme de pse tsc msr pae mce cx8 apic sep mtrr pge mca cmov pat pse36 clflush mmx fxsr sse sse2 ht syscall nx mmxext fxsr_opt pdpe1gb rdtscp lm constant_tsc rep_good nopl nonstop_tsc extd_apicid aperfmperf pni monitor ssse3 cx16 popcnt lahf_lm cmp_legacy svm extapic cr8_legacy abm sse4a misalignsse 3dnowprefetch ibs skinit wdt arat hw_pstate npt lbrv svm_lock nrip_save pausefilter
bogomips	: 3293.04
TLB size	: 1024 4K pages
clflush size	: 64
cache_alignment	: 64
address sizes	: 36 bits physical, 48 bits virtual
power management: ts ttp tm stc 100mhzsteps hwpstate

processor	: 1
vendor_id	: AuthenticAMD
cpu family	: 20
model		: 2
model name	: AMD E-450 APU with Radeon(tm) HD Graphics
stepping	: 0
microcode	: 0x5000101
cpu MHz		: 1650.000
cache size	: 512 KB
physical id	: 0
siblings	: 2
core id		: 1
cpu cores	: 2
apicid		: 1
initial apicid	: 1
fpu		: yes
fpu_exception	: yes
cpuid level	: 6
wp		: yes
flags		: fpu vme de pse tsc msr pae mce cx8 apic sep mtrr pge mca cmov pat pse36 clflush mmx fxsr sse sse2 ht syscall nx mmxext fxsr_opt pdpe1gb rdtscp lm constant_tsc rep_good nopl nonstop_tsc extd_apicid aperfmperf pni monitor ssse3 cx16 popcnt lahf_lm cmp_legacy svm extapic cr8_legacy abm sse4a misalignsse 3dnowprefetch ibs skinit wdt arat hw_pstate npt lbrv svm_lock nrip_save pausefilter
bogomips	: 3293.04
TLB size	: 1024 4K pages
clflush size	: 64
cache_alignment	: 64
address sizes	: 36 bits physical, 48 bits virtual
power management: ts ttp tm stc 100mhzsteps hwpstate



Memory: 4k page, physical 3638260k(156808k free), swap 897020k(897020k free)

vm_info: Java HotSpot(TM) 64-Bit Server VM (24.72-b04) for linux-amd64 JRE (1.7.0_72-b14), built on Sep 26 2014 18:20:41 by "java_re" with gcc 4.3.0 20080428 (Red Hat 4.3.0-8)

time: Fri Nov 14 19:15:14 2014
elapsed time: 2543 seconds

